[13022, N]: -- begin new backtrace (innermost first) [PARTIAL] ----------
[13022, N]: NULL (0): ip = 0x7f0276640a50 (0xf1a50), load module = /lib/x86_64-linux-gnu/libc-2.19.so | lip 
[13022, N]: NULL (0): ip = 0x7f0275ceff33 (0x25f33), load module = /home/pedroeusebio/local/papi/lib/libpapi.so.5.4.3.0 | lip 
[13022, N]: NULL (0): ip = 0x7f027691ebb4 (0xabb4), load module = /home/pedroeusebio/local/hpctoolkit/lib/hpctoolkit/ext-libs/libmonitor.so.0.0.0 | lip 
[13022, N]: NULL (0): ip = 0x7f0276585cb0 (0x36cb0), load module = /lib/x86_64-linux-gnu/libc-2.19.so | lip 
[13022, N]: -- end backtrace ------------------------------------

[13022, N]: -- begin new backtrace (innermost first) [PARTIAL] ----------
[13022, N]: NULL (0): ip = 0x7f027691ea30 (0xaa30), load module = /home/pedroeusebio/local/hpctoolkit/lib/hpctoolkit/ext-libs/libmonitor.so.0.0.0 | lip 
[13022, N]: NULL (0): ip = 0x7f0276585cb0 (0x36cb0), load module = /lib/x86_64-linux-gnu/libc-2.19.so | lip 
[13022, N]: -- end backtrace ------------------------------------

[13022, N]: -- begin new backtrace (innermost first) [PARTIAL] ----------
[13022, N]: NULL (0): ip = 0x7f027691ea30 (0xaa30), load module = /home/pedroeusebio/local/hpctoolkit/lib/hpctoolkit/ext-libs/libmonitor.so.0.0.0 | lip 
[13022, N]: NULL (0): ip = 0x7f0276585cb0 (0x36cb0), load module = /lib/x86_64-linux-gnu/libc-2.19.so | lip 
[13022, N]: -- end backtrace ------------------------------------

MEMORY: segment size: 4.0 meg, num segments: 1, total allocation: 4.0 meg, reclaims: 0
MEMORY: total freeable: 0.0 meg, total non-freeable: 0.0 meg, malloc failures: 0
SAMPLE ANOMALIES: blocks: 0 (async: 0, dlopen: 0), errors: 3 (segv: 0, soft: 3)
SUMMARY: samples: 1798 (recorded: 1798, blocked: 0, errant: 3, trolled: 0, yielded: 0),
         frames: 3634 (trolled: 0)
         intervals: 100 (suspicious: 0)
